20221106	11:52:57	eb74c1ca-402a-4789-a60a-c73b290d1e12	GET	/	undefined
20221106	11:54:18	d9d87cf5-50a9-4cc7-8ca3-8e8fdaed515d	GET	/	undefined
20221106	11:54:18	8b80100b-3ce6-47e3-ad0e-12e427a5a6b3	GET	/css/style.css	undefined
20221106	11:54:39	70d48b3e-6f62-4bf0-8356-761f0d3d8b5a	OPTIONS	/	https://www.google.com
20221106	11:54:39	e040631a-5144-48de-9687-4ea3720e667c	GET	/	https://www.google.com
20221106	11:54:51	e19afe61-6f07-46f3-ad1a-ec707245a87d	OPTIONS	/	https://www.google.com
20221106	11:54:51	cb5d6e19-3013-4342-b572-bea307d9233b	GET	/	https://www.google.com
20221106	11:56:15	c6cc0156-b6a9-460d-b895-d9f10d2d8baa	OPTIONS	/	https://www.google.com
20221106	11:56:15	c171a110-eba0-4c3e-a27f-15023e9dead5	GET	/	https://www.google.com
20221107	18:17:25	fc6b2107-e879-4f91-8776-8b5b547e376c	GET	/	undefined
20221107	18:17:25	5b6c956c-0693-4a6e-8dde-8ccfd94863f4	GET	/css/style.css	undefined
20221107	18:17:25	e7cea888-204e-49e5-8e50-ff44d215106f	GET	/favicon.ico	undefined
20221107	18:17:53	85ea934b-9643-4768-9235-4d135e70043b	GET	/module_1	undefined
20221107	18:17:53	b6002822-70c2-4971-9617-6027a29fc10e	GET	/css/style.css	undefined
20221107	18:18:47	29bf5a86-1837-4269-9dd6-df200d665dc9	GET	/css/style.css	undefined
20221107	18:19:08	d227714d-a556-47d0-be15-a55912e65650	OPTIONS	/	https://www.google.com
20221107	18:19:08	7c526b94-b29c-41a1-9ad1-76d7d1089a8b	GET	/	https://www.google.com
20221107	18:19:20	9e09a60a-8ec6-4548-960a-edfb2adedf68	GET	/	undefined
20221107	18:19:20	0b540e6e-ac31-4ac7-8bd1-c3f395c51243	GET	/css/style.css	undefined
20221107	18:19:25	72340f01-be3a-44ac-9681-46da273e52bf	GET	/css/style.css	undefined
20221107	18:19:32	05c9b862-9cb3-457f-a923-d5456a87a3ed	GET	/	undefined
20221112	16:01:01	ccc6f1c9-f22f-4c4e-a559-fddc282946c7	OPTIONS	/users	https://bold-flare-817894.postman.co
20221112	16:01:30	c6aafc0c-e3d2-4781-b556-ffd976cfd425	OPTIONS	/users	https://bold-flare-817894.postman.co
20221112	16:02:04	373b8799-66fd-4931-824b-ac09caf5b1b8	OPTIONS	/users	https://bold-flare-817894.postman.co
20221112	16:05:59	1a65aad4-8bdb-4d10-954e-81d2a6e25940	GET	/users	undefined
20221112	16:06:50	43037d16-c4fb-4970-936f-40353a00839e	GET	/users	undefined
20221112	16:17:03	8bc6cb7f-eb4d-442f-b0ba-4fa43e3a02de	POST	/users	undefined
20221112	16:18:27	ed7ea663-2446-49f1-9100-b5000554fb82	GET	/users	undefined
20221112	16:19:10	fd2bd578-bdde-4e7e-9ffd-497525d304df	POST	/users	undefined
20221112	16:19:15	c980c224-165c-4647-8a69-34fb3b35a7d2	GET	/users	undefined
20221112	16:22:28	a22c02a8-3ba4-4ab2-99c0-bd770f1cee1d	POST	/users	undefined
20221112	16:22:41	99bb4df2-cf44-42e6-999c-c7331b79aa22	POST	/users	undefined
20221112	16:22:45	b4202eba-01b3-4ec8-9f8e-1c7eac1120a6	GET	/users	undefined
20221112	16:23:54	aab334a3-1c9b-4a3b-b6cc-17eb70bdaa2c	POST	/users	undefined
20221112	16:25:12	46e44e4f-13d1-48d6-9139-b44b10f08a17	POST	/users	undefined
20221112	16:25:32	3f3f33d8-b395-4525-a8b6-bccf0da92906	POST	/users	undefined
20221112	16:25:51	b1e4f5da-0e7b-4f1a-862b-7023ff9c8773	POST	/users	undefined
20221112	16:26:14	332266d4-56a4-45d4-b941-0dfb825def7e	POST	/users	undefined
20221112	16:26:26	30c2deea-5134-4c49-b07d-2ec379bb42bb	POST	/users	undefined
20221112	16:27:34	1be567ce-1089-42c1-8fc4-c863e1d30d26	GET	/users	undefined
20221112	16:27:39	1f248341-9958-4b8a-a0e7-901b07b759cb	GET	/users	undefined
20221112	16:29:27	8cbf976c-81a4-415c-86cd-b7d39594d96b	PATCH	/users	undefined
20221112	16:30:13	d2e0a99c-2ec8-48a7-8189-2f8a28eb5b9a	PATCH	/users	undefined
20221112	16:30:26	0906de49-09ef-49cb-8ce2-132e5c06e4ad	PATCH	/users	undefined
20221112	16:30:34	5a4fb5e1-6269-4e5d-8ccb-993bf3d17637	PATCH	/users	undefined
20221112	16:32:12	bbcf443f-5bc4-40b8-853a-9465240bf2ab	PATCH	/users	undefined
20221112	16:32:28	f3e794a5-31a0-4d9f-8b1a-1f621c65a8e7	PATCH	/users	undefined
20221112	16:32:33	9ec21b86-97e4-43ae-8572-0c1803817dab	GET	/users	undefined
20221112	16:32:56	c97c1a99-8ee2-4577-80d4-f318a67d8248	PATCH	/users	undefined
20221112	16:33:23	e4f0d5f4-eb5e-4be7-ba78-1e8037bbd3e9	PATCH	/users	undefined
20221112	16:33:51	23404f15-ad58-45e7-b529-64cd85230466	PATCH	/users	undefined
20221112	16:34:07	b9a80cef-60c5-4dd8-860c-f24cd9d68d53	DELETE	/users	undefined
20221112	16:34:19	8642bb1c-0fdb-4984-ac03-5f81a2f3273b	GET	/users	undefined
20221112	18:30:45	e05f61ad-b5c0-45da-a781-6a88ab081319	GET	/submitPOST	undefined
20221112	18:31:37	dc8b8aea-bc64-48b1-906f-2f081d4d080a	GET	/users	undefined
20221112	18:41:03	f3f86ec6-69a5-47c9-8dd9-aff6faa761c1	GET	/users	undefined
20221112	18:41:36	2bcbb895-ba36-4770-879b-9ff43e2f2052	POST	/submitPOST	undefined
20221112	18:41:42	c59d737c-314a-4bb0-865c-884613d1fd76	GET	/submitPOST	undefined
20221113	17:05:26	f3962565-7841-447f-ae5f-3dfc7ef76b55	GET	/module	undefined
20221113	17:05:54	f4d33e47-8679-4720-b477-276b3cd64245	GET	/module	undefined
20221113	17:06:01	9ddb49e7-2be6-40bb-9838-eba3a143d7b9	GET	/module	undefined
20221113	17:06:11	fe4a4538-e334-4ed2-b192-30f723ff8e81	GET	/module	undefined
20221113	17:06:24	6cd5fb7d-15e5-496d-9b9c-88455f034677	GET	/modules	undefined
20221113	17:17:16	0a0273bc-28c6-43c6-bd4a-4ad6ba847457	POST	/modules	undefined
20221113	17:18:05	1056ce16-35fc-46e0-a5e5-8e10b79dff71	POST	/modules	undefined
20221113	17:19:21	e7585f70-df98-4583-a0da-4603057a7ae2	POST	/modules	undefined
20221113	17:19:22	c8af33dd-3c35-4091-877c-89f41296678d	POST	/modules	undefined
20221113	17:20:08	c4a3af14-9478-4eac-824b-9c460368f618	POST	/modules	undefined
20221113	17:22:00	9fc28c14-b2ba-44b9-b2bc-36edf7852014	POST	/modules	undefined
20221113	17:22:04	5df7ee2e-8061-4cc8-89f8-cd8987322c2a	GET	/modules	undefined
20221113	17:25:21	56a2f620-69db-4f51-846d-68144e7f1087	POST	/modules	undefined
20221113	17:25:24	8b8ac1c5-678d-4dcf-9964-fb420d85c5c3	GET	/modules	undefined
20221113	18:40:24	6fa790e4-0d61-4b70-94ab-d6a330b18108	GET	/modules	http://localhost:3000
20221113	18:41:03	b172d984-560c-47af-9c3a-121ec1fa4b1a	GET	/modules	http://localhost:3000
20221113	18:44:16	0dfaa3b3-a3dc-4798-a6a6-1cbd8c3429dc	GET	/modules	http://localhost:3000
20221113	18:45:38	9d5a8132-744c-40cf-8e1b-c2a067c7ce71	GET	/modules	http://localhost:3000
20221113	20:46:31	b3e3e252-7406-4b90-ab6c-183ce3cbd2ad	GET	/modules	http://localhost:3000
20221113	21:29:32	b60d533e-3af1-4d3f-acc4-81e7aabab301	GET	/modules	http://localhost:3000
20221113	21:30:25	db45a78b-33b4-4538-9546-ddfe8b4c07b8	GET	/modules	http://localhost:3000
20221113	21:30:42	a9bae02c-1b20-4fe5-9046-de241110aba6	GET	/modules	http://localhost:3000
20221113	21:30:52	ef4ea4ea-f2c6-4b95-bf04-f33bffd45806	GET	/modules	http://localhost:3000
20221113	21:30:57	d955c23d-647d-476c-9328-373260b755c6	GET	/modules	http://localhost:3000
20221113	21:32:37	69effd1d-acd2-4d19-8e3f-036b26a0b53f	GET	/modules	http://localhost:3000
20221113	21:34:03	59810bd3-06a9-4234-bfb3-d0d21045c90b	GET	/modules	http://localhost:3000
20221113	21:54:39	c61f3032-071e-40b2-96a3-20d3189840c0	GET	/modules	http://localhost:3000
20221113	21:56:15	59c83e38-c023-413d-a548-ae2decba2423	GET	/modules	http://localhost:3000
20221113	22:27:57	58fc2653-2efa-43aa-8462-56808d79d45d	GET	/modules	http://localhost:3000
20221113	22:32:55	14f76151-4f76-49f0-be2d-9385f030d787	GET	/modules	http://localhost:3000
20221113	22:33:51	8519c76e-5ce4-48c6-9bc6-ba0c834630b4	GET	/modules	http://localhost:3000
20221113	22:34:21	4ca2c390-80b3-4148-952d-e4e38689c5d2	GET	/modules	http://localhost:3000
20221113	22:44:45	a346bce2-d818-4be7-b3b1-d97c41e9c8ce	GET	/modules	http://localhost:3000
20221113	22:44:55	b1b6bf34-af8f-4996-8726-2c2b26ff2fcd	GET	/modules	http://localhost:3000
20221113	22:45:48	10bc5d74-1519-42e0-84a6-c2f015f9d3d0	GET	/modules	http://localhost:3000
20221113	22:49:36	1f473a4d-c0f7-4f1c-bf81-426e80ba1a11	GET	/modules	http://localhost:3000
20221113	22:51:43	01b4e768-5eaa-4c6a-8e66-e41fbd5ef316	GET	/modules	http://localhost:3000
20221114	20:08:11	c2d4c723-3e58-4f45-a1f5-72d8d0aa2ff6	GET	/modules	http://localhost:3000
20221117	18:20:19	cc105df3-0061-421e-8726-b7cc004dbcd0	GET	/modules	http://localhost:3000
20221117	18:21:36	45d93eee-8904-4d34-8567-e53544157224	GET	/modules	http://localhost:3000
20221117	18:23:58	8c2acbe3-8437-4013-ba66-5ba07a5f5abb	GET	/modules	http://localhost:3000
20221117	18:32:12	f7640ef7-85d8-4c7c-9be6-add65087f7c0	GET	/modules	http://localhost:3000
20221117	18:32:33	3d345b78-efdf-4daa-879c-b2a9bc2b3e08	GET	/modules	undefined
20221119	18:04:28	aaede2f6-1940-40d0-8880-d211f093de67	GET	/modules	http://localhost:3000
20221119	18:11:05	5585990f-6c8f-439b-8cd0-a184f7d31b25	GET	/modules	http://localhost:3000
20221119	18:47:03	1ca78042-d886-4c9b-b374-0ea36b3053e3	GET	/modules	http://localhost:3000
20221119	18:48:59	07b070eb-5cdd-422d-a17e-70f4bb81b03d	GET	/modules	http://localhost:3000
20221119	19:01:47	37a1169e-1605-4811-8913-508ebac33f33	GET	/modules	http://localhost:3000
20221119	19:05:32	9b27153d-c3f1-4db5-ab32-addbbaafa1e7	GET	/modules	http://localhost:3000
20221119	19:11:03	529b881e-59c2-4d90-ba54-4852556691b8	GET	/	undefined
20221119	19:11:03	f255fcae-febb-44d1-a8e7-67fec1754c97	GET	/css/style.css	undefined
20221119	19:11:03	ce2a8b2e-e293-4331-8589-de721804550d	GET	/favicon.ico	undefined
20221119	19:11:19	e5690048-5c83-4c34-a6f8-350708fb3c5e	GET	/users	undefined
20221119	19:11:45	58b80ec0-3e5f-44bf-9e4e-0f8f881042f0	GET	/submitPOST	undefined
20221119	19:12:00	c785d7f9-f437-4421-8d90-b3723500221a	GET	/modules	undefined
20221119	19:14:31	9ce70c7a-a95d-4f62-bc06-5fb7b3beaa6f	GET	/modules	http://localhost:3000
20221119	19:24:53	c527b857-6261-434e-a730-87fa3352e242	GET	/modules	undefined
20221119	20:00:40	1dee563d-480e-451f-868c-6d6d365143b7	GET	/modules	http://localhost:3000
20221119	20:01:50	fa670602-b48e-42fd-9eea-bfe0e21f27b0	GET	/modules	http://localhost:3000
20221119	20:05:22	0ef14b09-d8bf-4e2a-84ee-3b707f4e494f	GET	/modules	http://localhost:3000
20221119	20:06:47	997688fd-3b20-4b7f-b067-c66ec1a6ffc1	GET	/modules	http://localhost:3000
20221119	20:11:12	daca7790-d320-443c-ad26-a4af09282923	GET	/modules	http://localhost:3000
20221119	20:13:14	30fe681c-3389-481a-91fd-ae8fd14d06f0	GET	/modules	http://localhost:3000
20221119	20:18:24	0761cf77-09c0-45bf-8fed-7de3d720d1cd	GET	/modules	http://localhost:3000
20221119	20:26:34	1f48d29f-f276-4e2a-8499-17159b61eaba	GET	/modules	http://localhost:3000
20221119	20:43:35	b70edcb6-8249-4c01-b47f-2f1c650f7424	GET	/modules	http://localhost:3000
20221119	20:45:38	4094aae1-3bfc-4cf0-83d2-bb8244fae835	GET	/modules	http://localhost:3000
20221119	20:47:04	9eaac351-60cc-4123-8e1c-24728f7c275f	GET	/modules	http://localhost:3000
20221119	20:49:50	ac2797cb-b1a0-42e5-8078-e3c71785a87c	GET	/modules	http://localhost:3000
20221119	20:57:04	feea926b-c23d-471c-b3b7-8f73b1a6373e	GET	/modules	http://localhost:3000
20221119	21:26:31	d606843e-c4a1-466f-bc81-7837b7744782	GET	/modules	http://localhost:3000
20221119	21:33:03	d10da165-9dbe-46c3-ab9f-78994ab042bd	GET	/modules	http://localhost:3000
20221119	21:35:22	2782975f-fe50-4842-bbb8-63c573f61d2f	GET	/modules	http://localhost:3000
20221119	21:35:30	6502db1a-f0e2-4144-b477-e9fb32d4ef30	GET	/modules	http://localhost:3000
20221119	21:36:09	50eb63f5-fa7f-4f3e-89de-a8d792c037d4	GET	/modules	http://localhost:3000
20221119	21:37:06	82f824b4-9978-46d9-b5e5-d3d73ea601f5	GET	/modules	http://localhost:3000
20221119	21:37:21	d13c32c3-63ba-4b7a-9d19-292f7d20ed70	GET	/modules	http://localhost:3000
20221119	21:38:07	7bc7a369-9856-4482-9dc6-b2d90a527fe5	GET	/modules	http://localhost:3000
20221119	21:39:29	588a073d-fcee-4aec-87ac-e428c959a5d1	GET	/modules	http://localhost:3000
20221119	21:40:53	cdcf71e7-7159-4eb8-86c7-59576b94afc0	GET	/modules	http://localhost:3000
20221119	21:47:48	0212ae6d-63f5-457e-8863-fe90576a487c	GET	/modules	http://localhost:3000
20221119	21:48:53	0e0fe719-99d2-4592-b902-66d2c22084a3	GET	/modules	http://localhost:3000
20221119	21:49:42	7532fd6a-a0f1-4fab-a0cf-7bd20d98b230	GET	/modules	http://localhost:3000
20221119	23:34:37	cad70e3b-7b8a-46fb-9c5b-f261061c9ee9	GET	/modules	http://localhost:3000
20221119	23:39:03	d3537caf-6a67-49ec-9044-8e4a707bfc3b	GET	/modules	http://localhost:3000
20221119	23:41:26	d8be8886-dc3f-4c28-9644-21930f0add90	GET	/modules	http://localhost:3000
20221119	23:45:36	1cf7d201-b1bd-48f9-b8f8-3ee54899fb31	GET	/modules	http://localhost:3000
20221120	16:03:56	bf3f7f6e-c05a-4e81-baf5-8ad5c065445e	GET	/modules	http://localhost:3000
20221120	16:26:16	81b52764-50dc-45fc-8e7b-8d1491a63f8b	GET	/modules	http://localhost:3000
20221120	16:27:42	2e58060e-b37b-43b2-bdcc-f06cbc4c65b1	GET	/modules	http://localhost:3000
20221120	16:27:45	a1576df6-f2fd-4706-a553-9d1c4ed302a7	GET	/modules	http://localhost:3000
20221120	16:27:46	b4226ca4-c7cd-4135-a115-e1ac513bae14	GET	/modules	http://localhost:3000
20221120	16:27:47	a1873268-050a-453e-9c4b-410bcbb81c18	GET	/modules	http://localhost:3000
20221120	16:27:47	80befb44-7c6f-497b-ad31-95dc1e0f741c	GET	/modules	http://localhost:3000
20221120	16:27:48	c25c59cb-9214-4039-87fd-d2af40f961da	GET	/modules	http://localhost:3000
20221120	16:27:52	1ef360e0-1b83-4388-9043-1846447d79fc	GET	/modules	http://localhost:3000
20221120	16:27:53	33ced62a-d0b8-41b2-b119-6f92f216e5ec	GET	/modules	http://localhost:3000
20221120	16:30:18	a1ecff36-011c-41e5-a784-7bc13528870f	GET	/modules	http://localhost:3000
20221120	16:36:28	dda271fe-3a1f-465a-ab68-60199e2e16d4	GET	/modules	http://localhost:3000
20221120	23:15:46	0dc73b7a-8384-46ba-8c8b-8547971c762f	GET	/modules	http://localhost:3000
20221120	23:20:59	ed244c9c-8988-4986-9f43-e0d87b0a3e96	GET	/modules	http://localhost:3000
20221120	23:29:24	6c49d787-0731-4d56-b11c-ec3c513c6f4b	GET	/modules	http://localhost:3000
20221120	23:30:21	9fb40191-51eb-410b-8926-8369d114ebba	GET	/modules	http://localhost:3000
20221120	23:31:35	2dce3fbd-0f2c-4872-9138-db5544949302	GET	/modules	http://localhost:3000
20221120	23:40:57	4fd53847-da19-4c72-a621-92d746d3be68	GET	/modules	http://localhost:3000
20221120	23:41:18	a30572d1-4535-4c35-97e1-023d612e3933	GET	/modules	http://localhost:3000
20221120	23:42:50	9bfdaca8-aa13-4d05-830b-1fb761f297fd	GET	/modules	http://localhost:3000
20221120	23:44:41	a9c0f820-6e4d-480c-a701-ca7df6dba383	GET	/modules	http://localhost:3000
20221120	23:44:54	e1505157-ecfb-4de7-bb11-256742ff5394	GET	/modules	http://localhost:3000
20221120	23:48:13	2dd54f91-2f1f-4a7e-ae46-ef3b591f3927	GET	/modules	http://localhost:3000
20221120	23:48:18	58039c9c-e35d-4a63-834a-8c8c4ebc2e95	GET	/modules	http://localhost:3000
20221120	23:49:24	ca8706f8-d126-47b1-8650-4804caef9fe3	GET	/modules	http://localhost:3000
20221120	23:49:29	3c7cd13c-1841-4c5a-9df9-ef66fcb2d120	GET	/modules	http://localhost:3000
20221120	23:55:09	ebb88041-e01a-46fb-a9d4-f2482cd1d2a8	GET	/modules	http://localhost:3000
20221120	23:55:10	62050121-2e59-449b-9494-d08ccd69c901	GET	/modules	http://localhost:3000
20221120	23:55:12	e7983332-0483-4159-a618-1f7bc8122ece	GET	/modules	http://localhost:3000
20221120	23:55:16	e551c720-fb16-43c9-99c0-97d7c73505a7	GET	/modules	http://localhost:3000
20221120	23:55:58	563ba83d-7d47-4db0-904c-ce2962186dc4	GET	/modules	http://localhost:3000
20221120	23:55:59	b3d56797-9c0d-4a95-b765-b42980e839b3	GET	/modules	http://localhost:3000
20221120	23:56:02	4c3a72f5-b96f-42d3-b608-70342aedb8de	GET	/modules	http://localhost:3000
20221120	23:56:41	2475ae75-55d8-47a3-92cf-3b4ac8fb7307	GET	/modules	http://localhost:3000
20221120	23:59:03	a8d02ea9-8b85-4a38-8c0a-b0970c342244	GET	/modules	http://localhost:3000
20221121	00:02:23	420293fe-c899-46e7-90c3-0750e0713475	GET	/modules	http://localhost:3000
20221121	00:03:10	999b0473-10a2-4329-b70f-68088373780c	GET	/modules	http://localhost:3000
20221121	00:03:58	4d200036-29e5-494a-ac75-427a38a7ac5f	GET	/modules	http://localhost:3000
20221121	00:09:03	2f4b569c-224e-4a12-bf56-fddd7e582602	GET	/modules	http://localhost:3000
20221121	00:20:55	4c949a98-f493-4de6-ba97-db745c69100d	GET	/modules	http://localhost:3000
20221121	11:45:02	f62f42c2-2e19-4434-8b22-0ad27fd15d6d	GET	/modules	http://localhost:3000
20221121	18:36:02	84fd45cf-f0b6-4b78-b32f-58c3ec628204	DELETE	/modules	undefined
20221121	18:36:09	f8569d92-68f1-41bd-a3cc-9c9495f059e9	GET	/modules	undefined
20221127	12:04:07	134898a8-728f-4a94-96e8-4cd984af5264	GET	/modules	undefined
20221127	13:37:50	ee6bcdb4-c1f8-49cd-8e03-9823f3d7072e	GET	/modules	http://localhost:3000
20221127	15:52:38	6e030958-1df1-4915-89d8-9414da7c12ec	GET	/modules	http://localhost:3000
20221127	15:53:33	fb934a8b-b906-4f34-8940-0f6e1b2ae1e7	GET	/modules	http://localhost:3000
20221127	16:02:23	e30bd202-2e7f-4b7b-87ca-1631668b6ee7	POST	/modules	undefined
20221127	16:02:36	83926edd-146d-4dc5-9049-d495441bb7a6	POST	/modules	undefined
20221127	16:02:44	fbdfbb49-ddeb-488b-927f-6371aed1adad	GET	/modules	http://localhost:3000
20221127	16:03:37	0b3af9d1-e4d1-4b86-b455-8d2c69fa3c0b	GET	/modules	http://localhost:3000
20221127	16:04:54	1c2aebfb-df5e-49e1-830d-2c7fd609b18b	GET	/modules	http://localhost:3000
20221127	16:10:16	766e50d3-f5b3-4919-afc1-e5309cf9f4f8	GET	/modules	http://localhost:3000
20221127	16:10:20	b19d5095-a0e4-40c8-9d73-4be732e49944	GET	/modules	http://localhost:3000
20221127	16:13:26	6237e1a4-1195-4890-a970-3ae72ecdbd7d	GET	/modules	http://localhost:3000
20221127	16:14:17	9530b239-d69f-4b9e-a686-d730f98ead02	GET	/modules	http://localhost:3000
20221127	16:14:53	b5689b04-2441-4052-8e66-635b00653ae7	GET	/modules	http://localhost:3000
20221127	16:15:34	3ba66894-3cd4-4032-b33f-ef9d9d91f30e	GET	/modules	http://localhost:3000
20221127	16:20:17	2e39aa15-30fa-4d9f-a343-ce752754eddf	GET	/modules	http://localhost:3000
20221127	16:26:46	2d2324eb-1b9c-4a54-ac99-17a35c140bb7	GET	/modules	http://localhost:3000
20221127	16:28:34	a44fa6e5-2b21-4539-93c1-0d20a78ad83a	GET	/modules	http://localhost:3000
20221127	16:34:48	7f1b1b9e-262a-47a6-82fb-143c72a195c9	GET	/modules	http://localhost:3000
20221127	16:40:13	7169e283-ae29-47b9-8d3c-64da4edd5ff5	GET	/modules	http://localhost:3000
20221127	16:42:54	08772d70-510c-4de8-b0bb-78cae133e102	GET	/modules	http://localhost:3000
20221127	17:01:41	c0c75d9a-a31b-402b-919c-c6360dc52520	GET	/modules	http://localhost:3000
20221127	17:03:12	594492f6-58e8-4702-b9f2-a0bf114a474f	GET	/modules	http://localhost:3000
20221127	17:03:34	bfc832e3-2fd9-48e8-8ba7-cbf5c20ba84e	GET	/modules	http://localhost:3000
20221127	17:03:59	7ca95980-ea89-4a8b-9aea-11458e87c3ab	GET	/modules	http://localhost:3000
20221127	17:04:38	0d785196-71e9-4ccb-9789-40677ce27cbe	GET	/modules	http://localhost:3000
20221127	17:04:43	193e3094-5128-4082-be54-2f0c9cb38891	GET	/modules	http://localhost:3000
20221127	17:06:00	4c783161-7e58-4ee7-ad0f-ce20ca2b223f	GET	/modules	http://localhost:3000
20221127	17:06:29	2cae1a44-0dd7-4390-aded-68522ffbaf93	GET	/modules	http://localhost:3000
20221127	17:08:08	0c0b6d50-c421-48f0-849e-6d570834df74	GET	/modules	http://localhost:3000
20221127	17:08:10	d8801a20-78e9-4efd-9021-4bb3fdce44b6	GET	/modules	http://localhost:3000
20221127	17:11:38	8a812145-ba18-4557-8ec1-1f5d47436afa	GET	/modules	http://localhost:3000
20221127	17:13:48	5e67ff4e-f3e4-4ce3-9822-280ab63c0d6f	GET	/modules	http://localhost:3000
20221127	17:14:35	595f5407-ac56-4705-a056-6c821fae77ad	GET	/modules	http://localhost:3000
20221127	17:14:52	6eea5b57-0528-4047-9afe-fde5e047cf84	GET	/modules	http://localhost:3000
20221127	17:15:55	39685fc5-d56c-4fd2-ba28-99307ed4ef87	GET	/modules	http://localhost:3000
20221127	17:17:58	a94f8a7f-2cb5-4b7d-9045-4ef696e1cddf	GET	/modules	http://localhost:3000
20221127	17:18:02	2cf31898-9c3a-4d55-943d-398e34030323	GET	/modules	http://localhost:3000
20221127	17:18:19	2112f086-65ee-482d-9dae-6ff2cc9b28c3	GET	/modules	http://localhost:3000
20221127	17:18:34	20b1cdcd-c5bf-46fe-b411-339c489ff78f	GET	/modules	http://localhost:3000
20221127	17:31:51	2aeb06f3-0673-41dd-be93-e486d05477df	GET	/modules	http://localhost:3000
20221127	17:31:57	0930c216-f2aa-4578-b883-806a3e8faefc	GET	/modules	http://localhost:3000
20221127	17:32:46	5894aee3-55e9-405f-87db-d5eec411f68a	GET	/modules	http://localhost:3000
20221127	17:42:25	0aa6eec3-7fc2-44f1-b626-99d81fda386d	GET	/modules	http://localhost:3000
20221127	17:49:55	5a6aedd5-cf75-43c9-a572-a6886e2420bb	GET	/modules	http://localhost:3000
20221127	17:50:05	10f94939-cd0e-49ea-81cb-2857365c4cff	GET	/modules	http://localhost:3000
20221127	17:58:49	151a02a4-ad73-4e23-b2ce-0cdf3ff530f0	GET	/modules	http://localhost:3000
20221127	18:17:43	1212af51-e07c-4ab9-b741-07aff9d46c46	POST	/modules	undefined
20221127	18:19:03	99f15b0b-fd12-41ab-a3fd-0ca617a41899	GET	/modules	http://localhost:3000
20221127	18:35:33	b214e3a3-477f-4579-895b-20d1ff949c6e	POST	/modules	undefined
20221127	18:39:30	88a4ec23-4acb-4e0d-b879-357dbe13e9cc	GET	/modules	http://localhost:3000
20221127	18:39:48	69dc53fd-4d34-4392-8218-069820a55e00	GET	/modules	http://localhost:3000
20221127	18:53:15	b3722980-ffa8-4951-ad59-249ecb80ed67	GET	/modules	http://localhost:3000
20221127	21:34:23	3347f168-44a3-48f9-92e3-44a5c5caa930	GET	/modules	undefined
20221127	21:52:15	720662e7-a13e-4cb0-a7b0-2808924d4638	GET	/modules	http://localhost:3000
20221127	21:52:53	97540791-68a1-4397-b661-259a82125ed6	GET	/modules	http://localhost:3000
20221127	21:57:56	24d65141-aca0-489d-b2a8-a9fb0c9728b4	GET	/modules	http://localhost:3000
20221127	21:57:57	c155a7be-4e40-4904-a740-8d07b1bee945	GET	/modules	http://localhost:3000
20221127	21:57:57	6e0aed3d-05e9-4c11-95cf-453e10802e10	GET	/modules	http://localhost:3000
20221127	21:57:58	04767a64-41fc-49dd-af5d-859817aca12d	GET	/modules	http://localhost:3000
20221127	21:57:58	d91aface-f926-41cd-b87e-f485eb6a9b69	GET	/modules	http://localhost:3000
20221127	21:57:58	5da30638-5e82-4994-9325-b25ce2ec29bf	GET	/modules	http://localhost:3000
20221127	22:00:27	135d60bb-c513-4e02-8f0d-2631296cc322	GET	/modules	http://localhost:3000
20221127	22:00:59	8659292d-5020-46c9-80a7-ac3b94b7d403	GET	/modules	http://localhost:3000
20221127	22:01:17	39d0d749-67c8-496b-a1fc-047d984d2684	GET	/modules	http://localhost:3000
20221127	22:01:58	a204d468-0653-4c58-95b1-90da08892b09	GET	/modules	http://localhost:3000
20221127	22:02:14	832764d3-dadf-4e1c-ab2a-3875fcdebd0f	GET	/modules	http://localhost:3000
20221127	22:02:43	1a87b6f6-d641-462c-a7e6-56f625b218b6	GET	/modules	http://localhost:3000
20221127	22:02:44	b3c34b7b-0245-463c-854f-d9764e5f35fd	GET	/modules	http://localhost:3000
20221127	22:03:12	72a25e36-e2c5-4adb-8b75-72d4b4ac269c	GET	/modules	http://localhost:3000
20221127	22:05:50	e1c6bfca-9be4-4d8f-90b8-63d5e199041a	GET	/modules	http://localhost:3000
20221127	22:06:10	e3dfb106-0f78-4581-8077-40adfc79c769	GET	/modules	http://localhost:3000
20221127	22:09:58	8dbb4537-3cfa-48fe-83a8-3acab0d28fd6	GET	/modules	http://localhost:3000
20221127	22:09:59	a1bb9863-c0ab-4a5d-bb4a-0c6d52f9d35f	GET	/modules	http://localhost:3000
20221127	22:16:11	ae97142c-962d-4145-b05f-9860bc4fcb23	GET	/modules	http://localhost:3000
20221127	22:16:13	ac793b26-fb4c-4308-b2ac-c37fdf898263	GET	/modules	http://localhost:3000
20221127	22:16:28	431ef0e9-1825-4999-8e14-55678bd41d45	GET	/modules	http://localhost:3000
20221127	22:17:36	9c2d5f0d-6fa0-47f1-ab55-a3d6533e642e	GET	/modules	http://localhost:3000
20221127	22:17:37	254737d1-70bf-46b4-934b-d9bd610cbd75	GET	/modules	http://localhost:3000
20221127	22:18:30	f28839df-20be-4bb0-b25f-75be07d3653c	GET	/modules	http://localhost:3000
20221127	22:18:37	ba3ef8fa-3b3c-4cba-9e69-dff11861ccf1	GET	/modules	http://localhost:3000
20221127	22:19:12	22dcff2e-8710-4d39-a85e-ed9ac5d7c0e0	GET	/modules	http://localhost:3000
20221127	22:20:38	24435f0a-5d75-4f0f-9875-2186f161f5b2	GET	/modules	http://localhost:3000
20221127	22:20:52	7fa23abb-26cd-42b0-92a5-e31477799378	GET	/modules	http://localhost:3000
20221127	22:20:53	9ddff3a4-65c3-428b-8879-1e6c28b72378	GET	/modules	http://localhost:3000
20221127	22:20:54	a1fbdf80-64af-43f8-9d9e-95eb4b1e03fb	GET	/modules	http://localhost:3000
20221127	22:21:01	45eea198-10b2-4fe9-9d81-f679a9a14630	GET	/modules	http://localhost:3000
20221127	22:21:02	4a73120b-812d-4f64-b7b4-fc4d1ae682ea	GET	/modules	http://localhost:3000
20221127	22:21:20	54fa076a-586d-4f9d-8e6b-57e9096a38f6	GET	/modules	http://localhost:3000
20221127	22:22:12	507fe229-b4b8-4129-99dd-1603eb70e48d	GET	/modules	http://localhost:3000
20221127	22:22:13	51c9a73a-b316-443c-af46-43bc6c3763d5	GET	/modules	http://localhost:3000
20221127	22:23:03	b16a8406-fa09-4cc4-b95d-7340d0865b6f	GET	/modules	http://localhost:3000
20221127	22:35:34	bb5d88e0-2cd9-4019-8117-7315273dad5a	GET	/modules	http://localhost:3000
20221127	22:35:37	ed07b6de-3c7e-4774-86b2-599f72a59f3e	GET	/modules	http://localhost:3000
20221127	22:36:15	22786761-d83b-4ae6-9045-9c52ebfa6dc5	GET	/modules	http://localhost:3000
20221127	22:39:36	88625984-1cba-4ef2-8615-392f73ce45dc	GET	/modules	http://localhost:3000
20221127	22:40:41	c6e7de43-6267-4eaa-aa50-0b7ad61cc079	GET	/modules	http://localhost:3000
20221127	22:42:30	a59d2f1e-2d46-4191-8824-4db7d61da2e5	GET	/modules	http://localhost:3000
20221127	22:43:14	49721d8a-7bd2-4846-9ed6-017ec2a01134	GET	/modules	http://localhost:3000
20221127	22:43:15	14bcbad1-f762-4294-8a3a-6bf5a85551d8	GET	/modules	http://localhost:3000
20221127	22:43:32	d01cdf4f-5a19-4ace-a0f5-6944eac885e3	GET	/modules	http://localhost:3000
20221127	22:43:53	f93c8187-fae6-469c-86fe-87c4644b1d05	GET	/modules	http://localhost:3000
20221127	22:44:56	804acb96-46a1-4c79-baca-8f16f08c2d78	GET	/modules	http://localhost:3000
20221127	22:45:26	b6006fa2-fb42-4517-a2e3-24cecf5011cf	GET	/modules	http://localhost:3000
20221127	22:45:29	6aa98d51-2960-44b7-bf95-0169cd4374fb	GET	/modules	http://localhost:3000
20221127	22:45:47	7b44ef20-b8a6-4420-8a02-d17191b0eee5	GET	/modules	http://localhost:3000
20221127	22:46:05	5cc4c386-916a-4954-a75f-6bc5300f272f	GET	/modules	http://localhost:3000
20221127	22:48:48	e15e899c-9e0e-4782-883a-460776254ab4	GET	/modules	http://localhost:3000
20221127	22:49:53	7bd29141-cd49-4aee-9867-6950524bc8b0	GET	/modules	http://localhost:3000
20221127	22:49:54	0e336993-7a32-499e-986a-7bdbbd80d752	GET	/modules	http://localhost:3000
20221127	22:49:55	a9bf8326-13cf-43a2-a0d4-4b4b22d2b694	GET	/modules	http://localhost:3000
20221127	22:49:58	69b06c38-6cc6-4046-859d-95eea95b31b4	GET	/modules	http://localhost:3000
20221127	22:50:06	ed3c7d51-4fa4-4c40-a187-d1e0c2554ae9	GET	/modules	http://localhost:3000
20221127	22:50:20	dd40a21b-3f46-4e94-a314-9797a014dd72	GET	/modules	http://localhost:3000
20221127	22:50:43	1d042ab8-ab6d-4a45-b105-a5a7917ce190	GET	/modules	http://localhost:3000
20221127	23:01:07	29577d9b-a80e-4a2f-8c68-bf0e3301d0c8	GET	/modules	http://localhost:3000
20221127	23:02:32	fa6ac981-7788-49c5-a51c-ea4c8285b8b1	GET	/modules	http://localhost:3000
20221127	23:05:24	5ef9c1a7-d92e-413b-aeda-0b20941e7b18	GET	/modules	http://localhost:3000
20221127	23:05:44	cdcc3765-1d7c-4be5-bc2d-fd3d794765e5	GET	/modules	http://localhost:3000
20221127	23:06:07	db07c2c1-568d-44b2-a9dc-ec6e55a0522b	GET	/modules	http://localhost:3000
20221127	23:06:14	36483363-9f02-4294-a123-3324cb5c25db	GET	/modules	http://localhost:3000
20221127	23:06:27	6504ca6e-08f1-4c5e-a431-9a1949b5fa38	GET	/modules	http://localhost:3000
20221127	23:06:58	63c60da7-7a2b-446e-ba3b-7518c7f2ecc8	GET	/modules	http://localhost:3000
20221127	23:09:11	2590f512-c2f2-42d4-8042-3e8eed41a13e	GET	/modules	http://localhost:3000
20221127	23:09:42	662de4e6-8bb7-4116-9546-90458d2c9208	GET	/modules	http://localhost:3000
20221127	23:10:02	8cf36c50-66d2-4004-a705-8e8384c1dccd	GET	/modules	http://localhost:3000
20221127	23:10:37	6416d696-93eb-4c28-8665-3c7132810965	GET	/modules	http://localhost:3000
20221127	23:11:02	e4a4905b-284f-4f2d-aa39-86de1812b082	GET	/modules	http://localhost:3000
20221127	23:12:13	e0df94e8-5abf-40ee-8f28-299cad9efda0	GET	/modules	http://localhost:3000
20221127	23:13:50	598473fc-a291-44aa-b85c-97c20fb1fb2f	GET	/modules	http://localhost:3000
20221127	23:13:59	61e2fdbc-5d40-4ded-8703-1bc136ef3520	GET	/modules	http://localhost:3000
20221127	23:14:29	d7b35e4d-24f2-4ab5-acb8-1922e3a57654	GET	/modules	http://localhost:3000
20221127	23:15:05	e581aefd-d473-4a88-91a1-d1d1be942ec9	GET	/modules	http://localhost:3000
20221129	18:54:06	761e0408-5a2c-4490-84cd-99b332ca7094	GET	/modules	http://localhost:3000
20221129	18:54:09	ddddeb55-2f9d-4081-a885-d3b820177545	GET	/modules	http://localhost:3000
20221129	18:54:10	f21fcd75-f6e5-40bb-8651-5b42a8ce0f86	GET	/modules	http://localhost:3000
20221129	18:54:10	9b5a6eee-7832-4c5d-9023-d0b291d3695e	GET	/modules	http://localhost:3000
20221129	18:54:12	ddee145a-a453-4ca7-bfbc-6bdf0a45957d	GET	/modules	http://localhost:3000
20221129	18:54:39	b43c532c-5715-421e-b671-2d484a2f743f	GET	/modules	http://localhost:3000
20221129	19:07:30	539fd371-8e0d-4d7b-9fff-8acc574ff738	GET	/modules	http://localhost:3000
20221129	22:47:44	cefcefab-c2e9-49a3-815a-8182c54b1c8e	GET	/modules	http://localhost:3000
20221129	22:52:35	e23a397c-997e-411e-897f-5aaaaff29f1d	GET	/modules	http://localhost:3000
20221129	22:59:24	82730121-5755-4e14-856b-01ca428a320c	OPTIONS	/submitPOST	http://localhost:3000
20221129	22:59:24	330f0858-b670-432d-b1f2-42c1b143e965	POST	/submitPOST	http://localhost:3000
20221129	23:01:47	7c857bcc-14d1-4af5-bd8f-db7740745478	OPTIONS	/submitPOST	http://localhost:3000
20221129	23:01:47	37e9306c-11e5-47ad-82bf-f8a439f36eb1	POST	/submitPOST	http://localhost:3000
20221129	23:02:08	a4c70fc0-4d89-42f4-ad91-b2112d108620	GET	/modules	http://localhost:3000
20221129	23:02:38	540e3d21-1db9-48cd-96f7-7e728718c1a6	OPTIONS	/submitPOST	http://localhost:3000
20221129	23:02:38	49a1b4ab-a388-47c5-a777-8c6bb53674bc	POST	/submitPOST	http://localhost:3000
20221129	23:03:05	def75cbc-cc6f-44dc-a790-1ee7ef66731e	OPTIONS	/submitPOST	http://localhost:3000
20221129	23:03:05	1dbda60f-b43c-4300-81de-4f91fb58f9ae	POST	/submitPOST	http://localhost:3000
20221129	23:04:29	c472e89c-9ffd-45f3-bebd-57776cf3d330	GET	/modules	http://localhost:3000
20221129	23:04:38	91a06a4e-5842-4197-9a3c-f9a011de9967	OPTIONS	/submitPOST	http://localhost:3000
20221129	23:04:38	4f5c205f-84d7-4b89-9b07-d4f22de0a7c5	POST	/submitPOST	http://localhost:3000
20221129	23:06:50	a174a1dd-d388-4b1d-b514-92dc96f7ca43	OPTIONS	/submitPOST	http://localhost:3000
20221129	23:09:06	3f6fbd7d-4a52-4f90-8ac9-f7a3864c2253	OPTIONS	/submitPOST	http://localhost:3000
20221129	23:09:06	9ffef763-da41-4612-a307-412ca3ab8ac1	POST	/submitPOST	http://localhost:3000
20221130	14:16:55	1ddf9c21-390d-46bf-af05-5877b2d18c83	GET	/modules	http://localhost:3000
20221130	14:19:31	beb9ad3f-998d-4348-ab83-7ba144d36024	GET	/modules	http://localhost:3000
20221130	14:19:53	5bb08702-7cc2-4098-a864-ec7a0c460299	GET	/modules	http://localhost:3000
20221130	14:20:57	c6c69965-fc12-4a57-94a1-2b0626d65a96	GET	/modules	http://localhost:3000
20221130	14:23:04	1fd7296e-e20e-486c-b662-f40e432ca66f	GET	/modules	http://localhost:3000
20221130	14:23:18	d394466d-f5a7-435c-beb0-eee421c9053b	GET	/modules	http://localhost:3000
20221130	14:23:19	c2493e7e-7d69-4c98-b0ed-4a2708afea07	GET	/modules	http://localhost:3000
20221130	14:23:19	a56338cc-a65b-47cd-83f0-4d4fb31c95eb	GET	/modules	http://localhost:3000
20221130	14:24:15	adf586ea-a3e9-49da-8363-3cd922f5c567	GET	/modules	http://localhost:3000
20221130	14:26:29	5e398c00-559b-4540-8744-0d9ad596ec64	GET	/modules	http://localhost:3000
20221130	14:26:33	58c85525-1f82-42dc-90df-9a79f1bee43e	GET	/modules	http://localhost:3000
20221130	14:26:39	36091da0-4d52-4608-a501-383a1a137bd2	GET	/modules	http://localhost:3000
20221130	14:29:13	4cf6549c-df1b-436b-9d92-ac235283cfdf	GET	/modules	http://localhost:3000
20221130	14:31:10	ece62c31-9899-42d2-a725-0d48967cb5b1	GET	/modules	http://localhost:3000
20221130	14:31:50	b215d955-c50f-48a0-9dbc-a062af93b02d	GET	/modules	http://localhost:3000
20221130	14:37:10	2476415d-25db-45b6-a82b-1a99021248d5	GET	/modules	http://localhost:3000
20221130	14:45:52	50b1cbda-d967-40ea-b30d-966b97e46c7d	GET	/modules	http://localhost:3000
20221130	15:20:15	11d1298e-7081-4fb7-9c30-8a64b56975cd	GET	/modules	http://localhost:3000
20221130	15:20:19	0ffa9b95-7f05-4f41-b897-f497c9fbfe9d	GET	/modules	http://localhost:3000
20221130	15:20:21	0846cd03-f9de-462a-9c2a-50ddcd475ce6	GET	/modules	http://localhost:3000
20221130	15:36:49	4135394d-fe81-4aa9-b855-016363f1e4fd	GET	/modules	http://localhost:3000
20221130	16:07:10	19ac459b-2cda-4306-89bc-caa3a500ae9a	GET	/modules	http://localhost:3000
20221201	19:10:39	bdcc4229-f2d2-4277-8aef-fa88afff0a0f	GET	/modules	http://localhost:3000
20221201	19:11:56	bd2dea71-2a46-4410-8076-f999f576fd26	OPTIONS	/submitPOST	http://localhost:3000
20221201	19:11:56	b8ea828b-40f1-4e89-858e-7d474af5462f	POST	/submitPOST	http://localhost:3000
20221201	19:12:09	f3c952bd-ab10-4cf5-af9d-536982200ea2	OPTIONS	/submitPOST	http://localhost:3000
20221201	19:12:09	3b3e8489-9f16-47ec-9e1e-d3d55a036b6e	POST	/submitPOST	http://localhost:3000
20221201	19:22:15	b2edbe9b-059a-4a49-be32-169c54d6b062	GET	/modules	http://localhost:3000
20221201	19:22:23	978dc44b-fc2a-4c5a-8b9e-8b13c9386b2d	GET	/modules	http://localhost:3000
20221201	19:22:38	8a53ba1e-5150-43b4-a2a2-7219a1402288	OPTIONS	/submitPOST	http://localhost:3000
20221201	19:22:38	2266ea82-9422-4a0d-8842-9f81f6c814f7	POST	/submitPOST	http://localhost:3000
20221201	19:22:52	cf2e32e9-bf6f-4520-a1f2-0f8a30b37d1b	GET	/modules	http://localhost:3000
20221201	19:24:11	5319c518-0a4d-4662-8580-c3be1badd4f8	OPTIONS	/submitPOST	http://localhost:3000
20221201	19:24:11	befadd37-956a-45d6-8734-48833397041d	POST	/submitPOST	http://localhost:3000
20221201	19:24:28	76366518-d91f-4bf3-b917-b2d2794c7e0e	GET	/modules	http://localhost:3000
20221201	19:24:32	c100ddc5-76a2-4071-93bf-3f668bb9c7bc	GET	/modules	http://localhost:3000
20221201	19:24:48	f37ec53a-eb1c-4381-a96e-a92594ef0784	GET	/modules	http://localhost:3000
20221201	19:25:29	da55ecfb-c4f8-45f7-b442-cbc571f052bf	GET	/modules	http://localhost:3000
20221201	19:26:13	81df9b62-6459-41a7-ba48-7902a6a3bcdd	OPTIONS	/submitPOST	http://localhost:3000
20221201	19:26:13	a621f4ae-76b2-44d3-a355-c62bad7bec70	POST	/submitPOST	http://localhost:3000
20221201	19:26:33	6a1a68f8-6c11-4cd4-8f73-b36025d49bd7	OPTIONS	/submitPOST	http://localhost:3000
20221201	19:26:33	c96afeab-95b4-49a8-81e4-98675d5ade19	POST	/submitPOST	http://localhost:3000
20221201	19:26:44	e587691e-c097-4905-a656-84d9bb460ce1	OPTIONS	/submitPOST	http://localhost:3000
20221201	19:26:44	56407ea7-3702-482a-8d04-095ffe9921fc	POST	/submitPOST	http://localhost:3000
20221201	19:26:52	61eedc2e-0e31-4b10-9ab4-9d4095cfcdbc	GET	/modules	http://localhost:3000
20221201	19:28:42	843a61fe-231a-4c47-820c-652a80eb980d	GET	/modules	http://localhost:3000
20221201	19:28:58	46a4ceff-a503-4d11-95e1-fc9a1ae190aa	GET	/modules	http://localhost:3000
20221201	19:29:46	ffa128a4-aa94-4892-82a8-aeeba036d4d4	GET	/modules	http://localhost:3000
20221201	19:31:42	0bf47c6c-4b47-4fac-9d33-4121bd9d9226	GET	/modules	http://localhost:3000
20221201	19:32:47	0ceca373-cb2c-417e-90be-254853acfcec	GET	/modules	http://localhost:3000
20221202	00:29:36	93a24d36-5a80-4c75-897b-667ea692b307	GET	/modules	http://localhost:3000
20221202	11:42:30	921ecf87-72b8-4fb6-887d-aef6b4caf43d	GET	/modules	http://localhost:3000
20221202	11:42:39	1a4ac6e2-c5a2-4953-bbf6-197d90fe9892	GET	/modules	http://localhost:3000
20221202	12:20:17	0c88f60d-d153-483c-87d2-27ea48ecca81	GET	/modules	http://localhost:3000
20221202	12:21:16	9afcde25-14f9-4753-a219-b7f1f2af5e13	OPTIONS	/auth	http://localhost:3000
20221202	12:21:16	3af86155-4284-409b-8ae5-b2d286054236	POST	/auth	http://localhost:3000
20221202	12:21:18	b5aae850-b714-49de-a052-44a2cce931f0	POST	/auth	http://localhost:3000
20221202	12:23:52	a88bb9a8-1bfa-4f36-992d-126350631a18	GET	/users	undefined
20221202	12:26:59	3138cf01-9d5b-457c-8fbe-25faa842a8de	GET	/users	undefined
20221202	12:28:11	dd47836f-de62-4ecc-9d9d-9ac15cafc51b	GET	/modules	undefined
20221202	12:28:16	e0f7d6a6-87ec-4ac6-a66e-53062253579d	GET	/users	undefined
20221202	12:28:45	32822fe4-2b0a-4c4e-a493-2c65210138f6	GET	/users	undefined
20221202	12:30:01	e823d8aa-fdca-4078-8f58-a40187772bcd	GET	/users	undefined
20221202	12:31:20	a0967453-f0cd-4483-8e42-a6c0efa1d8d1	POST	/users	undefined
20221202	12:32:26	0ec1c77c-98e3-4587-a328-15ae91dd42dc	POST	/users	undefined
20221202	12:32:35	ec2831c5-caf6-4705-bf81-e02a6575d243	POST	/users	undefined
20221202	12:33:41	d996ff6c-0435-400a-a344-1544e0b8d081	POST	/users	undefined
20221202	12:34:01	e4984bf3-a2a4-4b76-a489-921c1928d169	POST	/users	undefined
20221202	12:35:49	be6be3c1-320c-4797-bab8-b6ad052e9271	POST	/users	undefined
20221202	12:36:06	c7db5daa-0025-4017-ad1c-bc2d93100ce7	OPTIONS	/auth	http://localhost:3000
20221202	12:36:06	34981807-fa78-4b85-9fef-f624cc19dcd2	POST	/auth	http://localhost:3000
20221202	12:36:09	497c157f-a56d-4075-95e5-d3c811d9eb29	POST	/auth	http://localhost:3000
20221202	12:36:25	9d2463f0-b40b-467b-b7ce-4333f1349761	OPTIONS	/auth	http://localhost:3000
20221202	12:36:25	7b139779-6782-42ed-9aa1-60be80f7e5ac	POST	/auth	http://localhost:3000
20221202	12:36:52	a3878be8-059e-4ce7-ab89-da8be0419364	OPTIONS	/auth	http://localhost:3000
20221202	12:36:52	ffdc3e30-e3ac-415a-aae3-b10138671fd7	POST	/auth	http://localhost:3000
20221202	12:36:57	4c314249-cbb5-4d37-9e18-8e0436d16b47	POST	/auth	http://localhost:3000
20221202	12:37:19	11ddddc4-f786-413a-a6ef-974393bb2c24	OPTIONS	/auth	http://localhost:3000
20221202	12:37:19	f3f2bd6e-e5fc-44cf-a4df-de226fd294f1	POST	/auth	http://localhost:3000
20221202	12:41:44	e33657be-bd64-4d90-9ac6-961fc6378df2	GET	/modules	http://localhost:3000
20221202	12:41:57	86d61b94-8973-4028-b3ed-eb08cde4d226	OPTIONS	/auth	http://localhost:3000
20221202	12:41:57	660d55ec-cbc9-4df7-a6b6-3a36ff0c9e9e	POST	/auth	http://localhost:3000
20221202	12:46:26	66fec029-4915-415b-8e8a-66238535349e	OPTIONS	/auth	http://localhost:3000
20221202	12:46:26	87eb6988-fa1a-48ed-8e7f-be3bd5adab4c	POST	/auth	http://localhost:3000
20221202	12:48:32	1aca7d2c-0056-44bc-a459-6bba0448b61a	OPTIONS	/auth	http://localhost:3000
20221202	12:48:32	bf397b05-d3b3-4338-b0e6-d4aa147a5155	POST	/auth	http://localhost:3000
20221202	12:54:29	4f699ccd-648d-43ff-9e70-b50454b50049	OPTIONS	/auth	http://localhost:3000
20221202	12:54:29	116d7006-d45c-4cfc-9b5e-d71c42cad1ce	POST	/auth	http://localhost:3000
20221202	12:58:33	0dd23aca-7da3-450d-aa55-4dff4413d56e	OPTIONS	/auth	http://localhost:3000
20221202	12:58:33	e37d2d80-7d4d-40c3-b68a-aa06acacb2a5	POST	/auth	http://localhost:3000
20221202	13:00:45	cb5f5c3c-01b1-4709-99e6-f8bbac046b18	OPTIONS	/auth	http://localhost:3000
20221202	13:00:45	f315496b-f455-4274-a440-1325bdef55e6	POST	/auth	http://localhost:3000
20221202	13:00:46	8758ce9a-3255-4c88-b0c5-b1d038415a2d	POST	/auth	http://localhost:3000
20221202	13:30:14	33fea1d2-7b77-49a5-ab3a-cad1300c0fd3	POST	/auth	undefined
20221202	13:31:30	cf7b4fd5-e614-442d-98fc-5b0200c15842	POST	/auth	undefined
20221202	13:34:45	6b75f762-414c-40fe-8e97-f8ee05228aae	GET	/users	undefined
20221202	13:34:56	c07f75a1-9569-434a-9f77-7da492d9f938	GET	/users	undefined
20221202	13:37:02	29474199-aa0a-418e-a0f5-2253c6f82bee	POST	/auth	undefined
20221202	13:39:19	7c7aadf9-e5d6-4f75-b731-cf53c14c46fc	POST	/auth	undefined
20221202	13:41:52	6039a592-5ccd-4e2a-8ee7-df424dcdb347	POST	/auth	undefined
20221202	13:43:17	907d954a-3ce3-4643-95cb-15bf99bf9442	POST	/auth	undefined
20221202	13:43:50	cd6d3a05-726a-49c0-b893-8a7a29786780	GET	/users	undefined
20221202	13:44:36	e037216d-3b43-4cec-a2f5-2efd192c9b59	POST	/auth	undefined
20221202	13:45:05	ebf049aa-b7ff-4b2b-861f-c2b6570337c9	GET	/users	undefined
20221202	13:45:40	a9b71c36-dd2c-4e58-9388-6583d950ed44	GET	/users	undefined
20221202	13:50:01	5e9b6ce0-b84c-4c26-be90-e3e03319408f	OPTIONS	/auth	http://localhost:3000
20221202	13:50:01	08f3f11e-0c76-4a95-b2f6-049bcc88ca9e	POST	/auth	http://localhost:3000
20221202	13:50:01	9688b2c1-a7d9-4a09-84da-6136ed23b240	GET	/modules	http://localhost:3000
20221202	13:53:00	09fc2b50-9100-40d3-81b9-c14e95b9496b	OPTIONS	/auth	http://localhost:3000
20221202	13:53:00	97c5cfe2-2fe9-493c-9e83-39a68a91a022	POST	/auth	http://localhost:3000
20221202	14:31:35	022ac44f-2da7-4abe-afee-11e9db4638d3	POST	/users	undefined
20221202	14:31:49	87a8c668-db61-430b-8e4f-d7f7c061187e	POST	/users	undefined
20221202	14:38:14	a0463c1e-8a82-43c0-b151-82cbca93c7df	POST	/users	undefined
20221202	14:38:16	6bf8b11f-4e11-4580-abeb-47d033cb534f	POST	/users	undefined
20221202	14:42:20	ace2bf3b-153d-4622-9e0b-65de49787c94	POST	/users	undefined
20221202	15:15:19	1b575735-bf85-40c8-a550-5f256cc9b619	POST	/users	undefined
20221202	15:16:55	62552a14-ffa2-4037-90fd-409ff155447e	POST	/users	undefined
20221202	15:16:55	ca880f5f-1de1-4715-9bd6-90ce6664351d	POST	/users	undefined
20221202	15:16:59	d5d53a86-f78e-45c1-9790-587b7f755ea9	POST	/users	undefined
20221202	15:17:38	d34de5a8-36ca-4e80-812e-230908d82a4b	POST	/users	undefined
20221202	15:29:04	70f98dff-211d-4a4c-afa5-918ff785b8d6	POST	/users	undefined
20221202	15:29:46	c5d51022-16d8-4029-9d02-a066eaca91db	POST	/users	undefined
20221202	15:30:10	426bf9e2-d6e6-4bab-b8cd-c9c59c6bd90f	POST	/users	undefined
20221202	15:40:28	dd1ce0d2-7891-4594-8b27-7fe729aad0fc	POST	/users	undefined
20221202	15:55:10	2edc225b-d9ef-40c8-b8bb-e55e0e010f4f	OPTIONS	/users	http://localhost:3000
20221202	15:55:10	1097edf4-6e0e-46c0-8079-d3dfaf7382f7	POST	/users	http://localhost:3000
20221202	15:55:32	4f01ecc9-ca1e-40a2-8ced-9fb5d02ec899	OPTIONS	/users	http://localhost:3000
20221202	15:55:32	3053a8a3-ac39-433c-8ab9-5df39ad7971a	POST	/users	http://localhost:3000
20221202	15:59:23	e64048d9-a8e6-4dbe-98d0-55b58ebad0d7	OPTIONS	/users	http://localhost:3000
20221202	15:59:23	04570e5f-a1f5-4563-bd1b-c6556dac2a30	POST	/users	http://localhost:3000
20221202	15:59:36	39225816-6551-40d9-9f83-4531fd5eb4b0	OPTIONS	/auth	http://localhost:3000
20221202	15:59:36	956aac23-ed2e-4407-bc45-f8bc27556667	POST	/auth	http://localhost:3000
20221202	15:59:36	1b6c2b6c-4d81-4c99-84ea-659908085b50	GET	/modules	http://localhost:3000
20221202	16:11:27	3a7177d5-d9ea-4e52-8703-87f15d6c8bf0	OPTIONS	/auth	http://localhost:3000
20221202	16:11:27	8264a88c-d941-406c-ad69-f6db88df1dba	POST	/auth	http://localhost:3000
20221202	16:11:27	2912d809-9a50-480c-8944-80afbcabfac2	GET	/modules	http://localhost:3000
20221202	16:22:24	a1deb082-e293-4e65-abe1-2a5cc4888db7	OPTIONS	/auth	http://localhost:3000
20221202	16:22:24	3371d949-c28d-402b-8b32-d0cce659fdda	POST	/auth	http://localhost:3000
20221202	16:22:24	f858c851-d7ac-4c1a-b054-26c10e3f2661	GET	/modules	http://localhost:3000
20221202	16:23:04	945759cd-120a-48ed-92b1-6588f86ef55f	POST	/auth/logout	http://localhost:3000
20221202	16:23:40	e4b09e7a-d97d-42a6-9404-8c2f7a63a990	OPTIONS	/auth	http://localhost:3000
20221202	16:23:40	aca35934-0403-4c28-a199-a149eb9ebbd7	POST	/auth	http://localhost:3000
20221202	16:23:40	9fad6889-f0f2-4468-8d7e-6ed238321342	GET	/modules	http://localhost:3000
20221202	16:24:49	94764a75-c86a-44ae-8b7e-a49cc0203903	POST	/auth/logout	http://localhost:3000
20221202	16:35:41	3dec5caa-1300-4415-8c6e-193643980509	OPTIONS	/auth	http://localhost:3000
20221202	16:35:41	04bca0fe-dfbe-400e-a110-3e3804d64908	POST	/auth	http://localhost:3000
20221202	16:35:42	9297837a-deb3-49ba-b82b-f9dd7c25f0a8	POST	/auth	http://localhost:3000
20221202	16:35:42	7ec26b09-7e84-4de4-840a-b4b53292b4b3	POST	/auth	http://localhost:3000
20221202	16:35:45	ddd8cc60-a293-432b-b59e-0516eff0731a	POST	/auth	http://localhost:3000
20221202	16:35:45	03f4835a-fc7e-4116-91f0-4aad9a52dc9a	GET	/modules	http://localhost:3000
20221202	16:37:38	08b25a84-e0fd-4139-bac6-85aff9c84999	GET	/modules	http://localhost:3000
20221202	16:38:28	4a446252-95cd-46e8-92c5-37a6d0a82456	GET	/modules	http://localhost:3000
20221202	16:39:04	99470488-7b5b-45d3-b1ec-1c011d2ed73b	GET	/modules	http://localhost:3000
20221202	16:39:24	0a9fb6fd-2201-4254-83d5-2e973685d2dd	GET	/modules	http://localhost:3000
20221202	16:39:49	e47aaa06-aa14-44b1-80d3-3cfaba0aec77	GET	/modules	http://localhost:3000
20221202	16:40:15	7788189b-32fe-4631-aecf-dbd86ad5e8de	GET	/modules	http://localhost:3000
20221202	16:40:16	44225e2e-6878-4241-ac3d-7867f0c0fe7d	GET	/modules	http://localhost:3000
20221202	16:41:25	dc5d52ca-5921-48ff-b969-d28e4dbfd47e	GET	/modules	http://localhost:3000
20221202	16:41:37	b189f169-e7da-4c71-bbe4-0d66420506b8	GET	/modules	http://localhost:3000
20221202	16:42:15	7b11fc82-9c43-48dc-9b74-cc7fb3cc4d52	GET	/modules	http://localhost:3000
20221202	16:42:18	a82e6fd2-3564-45ee-b284-85ee6734bece	GET	/modules	http://localhost:3000
20221202	16:43:21	3fa18df3-ddd4-4b8c-9baf-f98a9f096804	GET	/modules	http://localhost:3000
20221202	16:43:29	68453884-75ab-441b-969f-8136fabb40e7	GET	/modules	http://localhost:3000
20221202	16:44:39	21002388-2098-4b70-8e9d-399099b8b75c	GET	/modules	http://localhost:3000
20221202	16:45:11	e8040360-0400-45a6-98bd-cfe602c1d715	GET	/modules	http://localhost:3000
20221202	16:46:37	527b6eed-9793-40c1-a44f-b5e030724dcd	GET	/modules	http://localhost:3000
20221202	16:47:36	d6183795-5f41-4d18-bc6e-714d0c326952	GET	/modules	http://localhost:3000
20221202	16:47:51	e34df3d6-a184-4f39-b2fb-efc928d70634	GET	/modules	http://localhost:3000
20221202	16:47:59	472e1d96-9425-4f9b-af0c-371b0b8bbdda	GET	/modules	http://localhost:3000
20221202	16:51:57	675dc39b-b203-4941-aed3-ced66b52e064	GET	/modules	http://localhost:3000
20221202	16:52:08	7a495247-f0e0-4818-8519-ba5d618931df	GET	/modules	http://localhost:3000
20221202	16:52:32	31bb8a85-7db0-44bf-a001-18525a2ddeb6	GET	/modules	http://localhost:3000
20221202	16:52:40	dd2d5ed7-7bf9-4758-a9e4-1b847405c22a	GET	/modules	http://localhost:3000
20221202	16:52:56	3748f168-db2c-4219-bae0-fd6382d99020	GET	/modules	http://localhost:3000
20221202	16:53:07	6e5fcfa6-9f86-4275-b25b-63c640841bad	GET	/modules	http://localhost:3000
20221202	16:53:17	217d8876-d23b-4c4f-ae02-7f433f80b554	GET	/modules	http://localhost:3000
20221202	16:53:25	25cd8301-1ed0-418b-b8cc-930ba5c6eccf	POST	/auth/logout	http://localhost:3000
20221202	16:53:31	99bd1864-214c-484b-b12e-dc2197b13f2f	OPTIONS	/auth	http://localhost:3000
20221202	16:53:31	666a9e52-3237-4315-ba34-d98d29b26339	POST	/auth	http://localhost:3000
20221202	16:53:31	4631896a-21b1-43b2-b260-0228343e6547	GET	/modules	http://localhost:3000
20221202	16:53:59	84f2b787-b5df-456c-af87-9a2a2d7911f4	GET	/modules	http://localhost:3000
20221202	16:54:30	00bfa6b8-7a80-43b6-bfe6-f450662faffb	GET	/modules	http://localhost:3000
20221203	00:34:36	d95cf2a0-4656-4084-9850-8316c87b0231	OPTIONS	/submitPOST	http://localhost:3000
20221203	00:34:36	0665af46-eef6-48da-a973-158582c66d41	POST	/submitPOST	http://localhost:3000
